Using 16bit native Automatic Mixed Precision (AMP)
GPU available: True (cuda), used: True
TPU available: False, using: 0 TPU cores
IPU available: False, using: 0 IPUs
HPU available: False, using: 0 HPUs
Traceback (most recent call last):
  File "/home/orange/Programs/anaconda3/envs/pytorch/lib/python3.8/runpy.py", line 194, in _run_module_as_main
    return _run_code(code, main_globals, None,
  File "/home/orange/Programs/anaconda3/envs/pytorch/lib/python3.8/runpy.py", line 87, in _run_code
    exec(code, run_globals)
  File "/home/orange/.vscode/extensions/ms-python.python-2022.16.1/pythonFiles/lib/python/debugpy/adapter/../../debugpy/launcher/../../debugpy/__main__.py", line 39, in <module>
    cli.main()
  File "/home/orange/.vscode/extensions/ms-python.python-2022.16.1/pythonFiles/lib/python/debugpy/adapter/../../debugpy/launcher/../../debugpy/../debugpy/server/cli.py", line 430, in main
    run()
  File "/home/orange/.vscode/extensions/ms-python.python-2022.16.1/pythonFiles/lib/python/debugpy/adapter/../../debugpy/launcher/../../debugpy/../debugpy/server/cli.py", line 284, in run_file
    runpy.run_path(target, run_name="__main__")
  File "/home/orange/.vscode/extensions/ms-python.python-2022.16.1/pythonFiles/lib/python/debugpy/_vendored/pydevd/_pydevd_bundle/pydevd_runpy.py", line 321, in run_path
    return _run_module_code(code, init_globals, run_name,
  File "/home/orange/.vscode/extensions/ms-python.python-2022.16.1/pythonFiles/lib/python/debugpy/_vendored/pydevd/_pydevd_bundle/pydevd_runpy.py", line 135, in _run_module_code
    _run_code(code, mod_globals, init_globals,
  File "/home/orange/.vscode/extensions/ms-python.python-2022.16.1/pythonFiles/lib/python/debugpy/_vendored/pydevd/_pydevd_bundle/pydevd_runpy.py", line 124, in _run_code
    exec(code, run_globals)
  File "train.py", line 8, in <module>
    run(args)
  File "/home/orange/Main/Code/APCT-master/engine/trainer.py", line 103, in run
    model=PLModel(args)
  File "/home/orange/Main/Code/APCT-master/engine/trainer.py", line 28, in __init__
    self.model_hook = BaseHook(self.model, set_output_hook)
  File "/home/orange/Main/Code/APCT-master/core/pattern.py", line 10, in __init__
    self.set_up()
  File "/home/orange/Main/Code/APCT-master/core/pattern.py", line 21, in set_up
    self.add_block_hook(block_name, block)
  File "/home/orange/Main/Code/APCT-master/core/pattern.py", line 27, in add_block_hook
    handle = module.register_forward_hook(self.save_outputs_hook(block_name, module_name))
TypeError: set_output_hook() takes 1 positional argument but 2 were given
Traceback (most recent call last):
  File "/home/orange/Programs/anaconda3/envs/pytorch/lib/python3.8/runpy.py", line 194, in _run_module_as_main
    return _run_code(code, main_globals, None,
  File "/home/orange/Programs/anaconda3/envs/pytorch/lib/python3.8/runpy.py", line 87, in _run_code
    exec(code, run_globals)
  File "/home/orange/.vscode/extensions/ms-python.python-2022.16.1/pythonFiles/lib/python/debugpy/adapter/../../debugpy/launcher/../../debugpy/__main__.py", line 39, in <module>
    cli.main()
  File "/home/orange/.vscode/extensions/ms-python.python-2022.16.1/pythonFiles/lib/python/debugpy/adapter/../../debugpy/launcher/../../debugpy/../debugpy/server/cli.py", line 430, in main
    run()
  File "/home/orange/.vscode/extensions/ms-python.python-2022.16.1/pythonFiles/lib/python/debugpy/adapter/../../debugpy/launcher/../../debugpy/../debugpy/server/cli.py", line 284, in run_file
    runpy.run_path(target, run_name="__main__")
  File "/home/orange/.vscode/extensions/ms-python.python-2022.16.1/pythonFiles/lib/python/debugpy/_vendored/pydevd/_pydevd_bundle/pydevd_runpy.py", line 321, in run_path
    return _run_module_code(code, init_globals, run_name,
  File "/home/orange/.vscode/extensions/ms-python.python-2022.16.1/pythonFiles/lib/python/debugpy/_vendored/pydevd/_pydevd_bundle/pydevd_runpy.py", line 135, in _run_module_code
    _run_code(code, mod_globals, init_globals,
  File "/home/orange/.vscode/extensions/ms-python.python-2022.16.1/pythonFiles/lib/python/debugpy/_vendored/pydevd/_pydevd_bundle/pydevd_runpy.py", line 124, in _run_code
    exec(code, run_globals)
  File "train.py", line 8, in <module>
    run(args)
  File "/home/orange/Main/Code/APCT-master/engine/trainer.py", line 103, in run
    model=PLModel(args)
  File "/home/orange/Main/Code/APCT-master/engine/trainer.py", line 28, in __init__
    self.model_hook = BaseHook(self.model, set_output_hook)
  File "/home/orange/Main/Code/APCT-master/core/pattern.py", line 10, in __init__
    self.set_up()
  File "/home/orange/Main/Code/APCT-master/core/pattern.py", line 21, in set_up
    self.add_block_hook(block_name, block)
  File "/home/orange/Main/Code/APCT-master/core/pattern.py", line 27, in add_block_hook
    handle = module.register_forward_hook(self.save_outputs_hook(block_name, module_name))
TypeError: set_output_hook() takes 1 positional argument but 2 were given